La génération a démarré 17/09/2012 21:41:23.
     1>Projet "C:\Users\Pierre\Documents\GitHub\CICM-Library\hoa.library\hoaRotate\hoa.rotate.vcxproj" sur le nœud 2 (build cible(s)).
     1>InitializeBuildStatus:
         Mise à jour de l'horodatage "..\ext_win_debug\hoa.rotate~.unsuccessfulbuild".
       ClCompile:
         C:\Program Files (x86)\Microsoft Visual Studio 10.0\VC\bin\CL.exe /c /I".\..\..\..\..\SDKs\MaxSDK-6.0.4\c74support\max-includes" /I".\..\..\..\..\SDKs\MaxSDK-6.0.4\c74support\msp-includes" /Zi /nologo /W3 /WX- /Od /Oy- /D WIN_VERSION /D WIN32 /D _DEBUG /D _WINDOWS /D _USRDLL /D WIN_EXT_VERSION /D _CRT_NOFORCE_MANIFEST /D _STL_NOFORCE_MANIFEST /D _VC80_UPGRADE=0x0700 /D _WINDLL /D _UNICODE /D UNICODE /Gm /EHsc /RTC1 /MTd /Zp2 /GS /Gy /fp:precise /Zc:wchar_t /Zc:forScope /Fo"..\ext_win_debug\\" /Fd"..\ext_win_debug\hoa.rotate~.pdb" /Gd /TP /analyze- /errorReport:prompt ambisonicRotate.cpp "hoa.rotate~.cpp"
         ambisonicRotate.cpp
     1>c:\users\pierre\documents\github\cicm-library\hoa.library\hoarotate\ambisonicRotate.hpp(20): warning C4067: jetons inattendus après la directive du préprocesseur - saut de ligne attendu
     1>ambisonicRotate.cpp(50): warning C4244: '=' : conversion de 'float' en 'int', perte possible de données
         Génération de code en cours...
         Compilation en cours...
         hoa.rotate~.cpp
     1>c:\users\pierre\documents\github\cicm-library\hoa.library\hoarotate\ambisonicRotate.hpp(20): warning C4067: jetons inattendus après la directive du préprocesseur - saut de ligne attendu
         Génération de code en cours...
     1>C:\Program Files (x86)\MSBuild\Microsoft.Cpp\v4.0\Microsoft.CppBuild.targets(990,5): warning MSB8012: TargetPath(C:\Users\Pierre\Documents\GitHub\CICM-Library\hoa.library\hoaRotate\../../sdk-build\hoa.rotate~.dll) ne correspond pas à la valeur de la propriété OutputFile (C:\Users\Pierre\Documents\GitHub\CICM-Library\sdk-build\hoa.rotate~.mxe) de Linker. Cela peut entraîner une génération incorrecte de votre projet. Pour corriger ce problème, vérifiez que les valeurs des propriétés $(OutDir), $(TargetName) et $(TargetExt) correspondent à la valeur spécifiée dans %(Link.OutputFile).
     1>C:\Program Files (x86)\MSBuild\Microsoft.Cpp\v4.0\Microsoft.CppBuild.targets(991,5): warning MSB8012: TargetExt(.dll) ne correspond pas à la valeur de la propriété OutputFile (.mxe) de Linker. Cela peut entraîner une génération incorrecte de votre projet. Pour corriger ce problème, vérifiez que les valeurs des propriétés $(OutDir), $(TargetName) et $(TargetExt) correspondent à la valeur spécifiée dans %(Link.OutputFile).
       Link:
         C:\Program Files (x86)\Microsoft Visual Studio 10.0\VC\bin\link.exe /ERRORREPORT:PROMPT /OUT:"../../sdk-build\hoa.rotate~.mxe" /INCREMENTAL:NO /NOLOGO /LIBPATH:".\..\..\..\..\SDKs\MaxSDK-6.0.4\c74support\max-includes" /LIBPATH:".\..\..\..\..\SDKs\MaxSDK-6.0.4\c74support\msp-includes" MaxAPI.lib MaxAudio.lib kernel32.lib user32.lib gdi32.lib winspool.lib comdlg32.lib advapi32.lib shell32.lib ole32.lib oleaut32.lib uuid.lib odbc32.lib odbccp32.lib /DEF:".\hoa.rotate~.def" /MANIFEST:NO /DEBUG /PDB:"..\ext_win_debug\hoa.rotate~.pdb" /SUBSYSTEM:WINDOWS /TLBID:1 /DYNAMICBASE:NO /IMPLIB:"..\ext_win_debug\hoa.rotate~.lib" /MACHINE:X86 /DLL ..\ext_win_debug\ambisonicRotate.obj
         "..\ext_win_debug\hoa.rotate~.obj" /MACHINE:I386 
     1>LIBCMTD.lib(sprintf.obj) : error LNK2005: _sprintf déjà défini(e) dans MaxAPI.lib(MaxAPI.dll)
            Création de la bibliothèque ..\ext_win_debug\hoa.rotate~.lib et de l'objet ..\ext_win_debug\hoa.rotate~.exp
     1>hoa.rotate~.exp : warning LNK4070: la directive /OUT:pg.rotate~.mxe dans .EXP est différente du nom du fichier de sortie '../../sdk-build\hoa.rotate~.mxe' ; directive ignorée
     1>../../sdk-build\hoa.rotate~.mxe : fatal error LNK1169: un ou plusieurs symboles définis à différentes reprises ont été rencontrés
     1>Génération du projet "C:\Users\Pierre\Documents\GitHub\CICM-Library\hoa.library\hoaRotate\hoa.rotate.vcxproj" terminée (build cible(s)) -- ÉCHEC.

ÉCHEC de la build.

Temps écoulé 00:00:02.02
