La génération a démarré 19/09/2012 13:51:36.
     1>Projet "C:\Users\Pierre\Documents\GitHub\CICM-Library\hoa.library\hoaProjector\hoa.projector~.vcxproj" sur le nœud 2 (build cible(s)).
     1>InitializeBuildStatus:
         Mise à jour de l'horodatage "..\ext_win_debug\hoa.projector~.unsuccessfulbuild".
       ClCompile:
         Toutes les sorties sont à jour.
         C:\Program Files (x86)\Microsoft Visual Studio 10.0\VC\bin\CL.exe /c /I".\..\..\..\..\SDKs\MaxSDK-5.1.7\c74support\msp-includes" /I".\..\..\..\..\SDKs\MaxSDK-5.1.7\c74support\max-includes" /IC:\gsl /Zi /nologo /W3 /WX- /Od /Oy- /D WIN_VERSION /D WIN32 /D _DEBUG /D _WINDOWS /D _USRDLL /D WIN_EXT_VERSION /D _CRT_NOFORCE_MANIFEST /D _VC80_UPGRADE=0x0700 /D _WINDLL /D _MBCS /Gm /RTC1 /MDd /Zp2 /GS /Gy /fp:precise /Zc:wchar_t /Zc:forScope /Fo"..\ext_win_debug\\" /Fd"..\ext_win_debug\hoa.projector~.pdb" /Gd /TP /analyze- /errorReport:prompt "hoa.projector~.cpp"
         hoa.projector~.cpp
     1>c:\users\pierre\documents\github\cicm-library\hoa.library\hoaprojector\ambisonicProjector.h(20): warning C4067: jetons inattendus après la directive du préprocesseur - saut de ligne attendu
     1>C:\Program Files (x86)\Microsoft Visual Studio 10.0\VC\include\xlocale(323): warning C4530: Gestionnaire d'exceptions C++ utilisé, mais les sémantiques de déroulement n'ont pas été activées. Spécifiez /EHsc
     1>hoa.projector~.cpp(150): warning C4996: 'sprintf': This function or variable may be unsafe. Consider using sprintf_s instead. To disable deprecation, use _CRT_SECURE_NO_WARNINGS. See online help for details.
                 C:\Program Files (x86)\Microsoft Visual Studio 10.0\VC\include\stdio.h(371) : voir la déclaration de 'sprintf'
     1>hoa.projector~.cpp(153): warning C4996: 'sprintf': This function or variable may be unsafe. Consider using sprintf_s instead. To disable deprecation, use _CRT_SECURE_NO_WARNINGS. See online help for details.
                 C:\Program Files (x86)\Microsoft Visual Studio 10.0\VC\include\stdio.h(371) : voir la déclaration de 'sprintf'
     1>c:\users\pierre\documents\github\cicm-library\hoa.library\hoaprojector\ambisonicProjector.h(94): warning C4244: '=' : conversion de 'double' en 't_float', perte possible de données
                 hoa.projector~.cpp(134) : voir la référence à l'instanciation de la fonction modèle 'void ambisonicProjector::process<t_float>(Type **,Type **)' en cours de compilation
                 with
                 [
                     Type=t_float
                 ]
     1>C:\Program Files (x86)\MSBuild\Microsoft.Cpp\v4.0\Microsoft.CppBuild.targets(990,5): warning MSB8012: TargetPath(C:\Users\Pierre\Documents\GitHub\CICM-Library\hoa.library\hoaProjector\.\..\..\sdk-build\hoa.projector~.dll) ne correspond pas à la valeur de la propriété OutputFile (C:\Users\Pierre\Documents\GitHub\CICM-Library\sdk-build\hoa.projector~.mxe) de Linker. Cela peut entraîner une génération incorrecte de votre projet. Pour corriger ce problème, vérifiez que les valeurs des propriétés $(OutDir), $(TargetName) et $(TargetExt) correspondent à la valeur spécifiée dans %(Link.OutputFile).
     1>C:\Program Files (x86)\MSBuild\Microsoft.Cpp\v4.0\Microsoft.CppBuild.targets(991,5): warning MSB8012: TargetExt(.dll) ne correspond pas à la valeur de la propriété OutputFile (.mxe) de Linker. Cela peut entraîner une génération incorrecte de votre projet. Pour corriger ce problème, vérifiez que les valeurs des propriétés $(OutDir), $(TargetName) et $(TargetExt) correspondent à la valeur spécifiée dans %(Link.OutputFile).
       Link:
         C:\Program Files (x86)\Microsoft Visual Studio 10.0\VC\bin\link.exe /ERRORREPORT:PROMPT /OUT:".\..\..\sdk-build\hoa.projector~.mxe" /INCREMENTAL:NO /NOLOGO /LIBPATH:".\..\..\..\..\SDKs\MaxSDK-5.1.7\c74support\msp-includes" /LIBPATH:".\..\..\..\..\SDKs\MaxSDK-5.1.7\c74support\max-includes" /LIBPATH:C:\gsl\lib\Win32\Release MaxAPI.lib MaxAudio.lib cblas.lib gsl.lib /NODEFAULTLIB:MSVCRTD.lib /DEF:".\hoa.projector~.def" /MANIFEST:NO /DEBUG /PDB:"..\ext_win_debug\hoa.projector~.pdb" /SUBSYSTEM:WINDOWS /TLBID:1 /DYNAMICBASE:NO /IMPLIB:"..\ext_win_debug\hoa.projector~.lib" /MACHINE:X86 /DLL ..\ext_win_debug\dllmain_win.obj
         ..\ext_win_debug\ambisonicProjector.obj
         ..\ext_win_debug\gslMatrix.obj
         "..\ext_win_debug\hoa.projector~.obj"
         ..\ext_win_debug\matrixHandling.obj /MACHINE:I386 
            Création de la bibliothèque ..\ext_win_debug\hoa.projector~.lib et de l'objet ..\ext_win_debug\hoa.projector~.exp
     1>ambisonicProjector.obj : warning LNK4217: symbole défini localement _memmove importé dans la fonction "public: static char * __cdecl std::char_traits<char>::move(char *,char const *,unsigned int)" (?move@?$char_traits@D@std@@SAPADPADPBDI@Z)
     1>hoa.projector~.obj : warning LNK4049: symbole défini localement _memmove importé
     1>ambisonicProjector.obj : warning LNK4217: symbole défini localement ??0exception@std@@QAE@ABQBD@Z (public: __thiscall std::exception::exception(char const * const &)) importé dans la fonction "public: __thiscall std::bad_alloc::bad_alloc(char const *)" (??0bad_alloc@std@@QAE@PBD@Z)
     1>hoa.projector~.obj : warning LNK4049: symbole défini localement ??0exception@std@@QAE@ABQBD@Z (public: __thiscall std::exception::exception(char const * const &)) importé
     1>ambisonicProjector.obj : warning LNK4217: symbole défini localement ??1exception@std@@UAE@XZ (public: virtual __thiscall std::exception::~exception(void)) importé dans la fonction "public: virtual __thiscall std::bad_alloc::~bad_alloc(void)" (??1bad_alloc@std@@UAE@XZ)
     1>hoa.projector~.obj : warning LNK4217: symbole défini localement ??1exception@std@@UAE@XZ (public: virtual __thiscall std::exception::~exception(void)) importé dans la fonction "public: __thiscall std::bad_alloc::bad_alloc(class std::bad_alloc const &)" (??0bad_alloc@std@@QAE@ABV01@@Z)
     1>ambisonicProjector.obj : warning LNK4217: symbole défini localement ??0exception@std@@QAE@ABV01@@Z (public: __thiscall std::exception::exception(class std::exception const &)) importé dans la fonction "public: __thiscall std::bad_alloc::bad_alloc(class std::bad_alloc const &)" (??0bad_alloc@std@@QAE@ABV01@@Z)
     1>hoa.projector~.obj : warning LNK4049: symbole défini localement ??0exception@std@@QAE@ABV01@@Z (public: __thiscall std::exception::exception(class std::exception const &)) importé
     1>gslMatrix.obj : warning LNK4217: symbole défini localement _printf importé dans la fonction "void __cdecl printMat(struct gsl_matrix *)" (?printMat@@YAXPAUgsl_matrix@@@Z)
     1>hoa.projector~.obj : warning LNK4217: symbole défini localement _free importé dans la fonction "void __cdecl HoaProjector_dsp(struct _HoaProjector *,struct _signal * *,short *)" (?HoaProjector_dsp@@YAXPAU_HoaProjector@@PAPAU_signal@@PAF@Z)
     1>hoa.projector~.obj : warning LNK4217: symbole défini localement _malloc importé dans la fonction "void __cdecl HoaProjector_dsp(struct _HoaProjector *,struct _signal * *,short *)" (?HoaProjector_dsp@@YAXPAU_HoaProjector@@PAPAU_signal@@PAF@Z)
         hoa.projector~.vcxproj -> C:\Users\Pierre\Documents\GitHub\CICM-Library\hoa.library\hoaProjector\.\..\..\sdk-build\hoa.projector~.dll
       CopyFilesToOutputDirectory:
         Copie du fichier de "..\ext_win_debug\hoa.projector~.pdb" vers ".\..\..\sdk-build\hoa.projector~.pdb".
       FinalizeBuildStatus:
         Suppression du fichier "..\ext_win_debug\hoa.projector~.unsuccessfulbuild".
         Mise à jour de l'horodatage "..\ext_win_debug\hoa.projector~.lastbuildstate".
     1>Génération du projet "C:\Users\Pierre\Documents\GitHub\CICM-Library\hoa.library\hoaProjector\hoa.projector~.vcxproj" terminée (build cible(s)).

La génération a réussi.

Temps écoulé 00:00:01.63
