La génération a démarré 26/09/2012 18:11:02.
     1>Projet "C:\Users\Pierre\Documents\GitHub\CICM-Library\hoa.library\hoaPlayer\hoa.play~.vcxproj" sur le nœud 2 (build cible(s)).
     1>InitializeBuildStatus:
         Création de "..\ext_win_release\hoa.play~.unsuccessfulbuild", car "AlwaysCreate" a été spécifié.
       ClCompile:
         Toutes les sorties sont à jour.
         C:\Program Files (x86)\Microsoft Visual Studio 10.0\VC\bin\CL.exe /c /I".\..\..\..\..\SDKs\MaxSDK-5.1.7\c74support\msp-includes" /I".\..\..\..\..\SDKs\MaxSDK-5.1.7\c74support\max-includes" /Zi /nologo /W3 /WX- /Ox /Ob2 /Oi /Ot /Oy /GL /D WIN_VERSION /D WIN32 /D NDEBUG /D _WINDOWS /D _USRDLL /D WIN_EXT_VERSION /D _CRT_NOFORCE_MANIFEST /D _VC80_UPGRADE=0x0700 /D _WINDLL /D _MBCS /GF /Gm- /MD /Zp2 /GS- /Gy- /fp:precise /Zc:wchar_t /Zc:forScope /Fo"..\ext_win_release\\" /Fd"..\ext_win_release\hoa.play~.pdb" /Gd /TC /analyze- /errorReport:prompt "..\..\..\..\SDKs\MaxSDK-6.0.4\c74support\max-includes\common\dllmain_win.c"
         dllmain_win.c
     1>C:\Program Files (x86)\MSBuild\Microsoft.Cpp\v4.0\Microsoft.CppBuild.targets(990,5): warning MSB8012: TargetPath(C:\Users\Pierre\Documents\GitHub\CICM-Library\hoa.library\hoaPlayer\.\..\..\sdk-build\hoa.play~.dll) ne correspond pas à la valeur de la propriété OutputFile (C:\Users\Pierre\Documents\GitHub\CICM-Library\sdk-build\hoa.play~.mxe) de Linker. Cela peut entraîner une génération incorrecte de votre projet. Pour corriger ce problème, vérifiez que les valeurs des propriétés $(OutDir), $(TargetName) et $(TargetExt) correspondent à la valeur spécifiée dans %(Link.OutputFile).
     1>C:\Program Files (x86)\MSBuild\Microsoft.Cpp\v4.0\Microsoft.CppBuild.targets(991,5): warning MSB8012: TargetExt(.dll) ne correspond pas à la valeur de la propriété OutputFile (.mxe) de Linker. Cela peut entraîner une génération incorrecte de votre projet. Pour corriger ce problème, vérifiez que les valeurs des propriétés $(OutDir), $(TargetName) et $(TargetExt) correspondent à la valeur spécifiée dans %(Link.OutputFile).
       Link:
         C:\Program Files (x86)\Microsoft Visual Studio 10.0\VC\bin\link.exe /ERRORREPORT:PROMPT /OUT:".\..\..\sdk-build\hoa.play~.mxe" /INCREMENTAL:NO /NOLOGO /LIBPATH:".\..\..\..\..\SDKs\MaxSDK-5.1.7\c74support\msp-includes" /LIBPATH:".\..\..\..\..\SDKs\MaxSDK-5.1.7\c74support\max-includes" MaxAPI.lib MaxAudio.lib maxcrt.lib "libfftw3-3.lib" "libfftw3f-3.lib" "libfftw3l-3.lib" /NODEFAULTLIB:MSVCRT.lib /DEF:".\hoa.play~.def" /MANIFEST:NO /DEBUG /PDB:"..\ext_win_release\hoa.play~.pdb" /SUBSYSTEM:WINDOWS /OPT:REF /OPT:ICF /LTCG /TLBID:1 /DYNAMICBASE:NO /IMPLIB:"..\ext_win_release\hoa.play~.lib" /MACHINE:X86 /DLL ..\ext_win_release\dllmain_win.obj
         "..\ext_win_release\hoa.play~.obj" /MACHINE:I386 
            Création de la bibliothèque ..\ext_win_release\hoa.play~.lib et de l'objet ..\ext_win_release\hoa.play~.exp
         Génération de code en cours
         Fin de la génération du code
         hoa.play~.vcxproj -> C:\Users\Pierre\Documents\GitHub\CICM-Library\hoa.library\hoaPlayer\.\..\..\sdk-build\hoa.play~.dll
       FinalizeBuildStatus:
         Suppression du fichier "..\ext_win_release\hoa.play~.unsuccessfulbuild".
         Mise à jour de l'horodatage "..\ext_win_release\hoa.play~.lastbuildstate".
     1>Génération du projet "C:\Users\Pierre\Documents\GitHub\CICM-Library\hoa.library\hoaPlayer\hoa.play~.vcxproj" terminée (build cible(s)).

La génération a réussi.

Temps écoulé 00:00:00.59
