La génération a démarré 26/09/2012 18:15:38.
     1>Projet "C:\Users\Pierre\Documents\GitHub\CICM-Library\hoa.library\hoaRecomposer\hoa.recomposer~.vcxproj" sur le nœud 2 (build cible(s)).
     1>InitializeBuildStatus:
         Mise à jour de l'horodatage "..\ext_win_release\hoa.recomposer~.unsuccessfulbuild".
       ClCompile:
         Toutes les sorties sont à jour.
         Toutes les sorties sont à jour.
     1>C:\Program Files (x86)\MSBuild\Microsoft.Cpp\v4.0\Microsoft.CppBuild.targets(990,5): warning MSB8012: TargetPath(C:\Users\Pierre\Documents\GitHub\CICM-Library\hoa.library\hoaRecomposer\.\..\..\sdk-build\hoa.recomposer~.dll) ne correspond pas à la valeur de la propriété OutputFile (C:\Users\Pierre\Documents\GitHub\CICM-Library\sdk-build\hoa.recomposer~.mxe) de Linker. Cela peut entraîner une génération incorrecte de votre projet. Pour corriger ce problème, vérifiez que les valeurs des propriétés $(OutDir), $(TargetName) et $(TargetExt) correspondent à la valeur spécifiée dans %(Link.OutputFile).
     1>C:\Program Files (x86)\MSBuild\Microsoft.Cpp\v4.0\Microsoft.CppBuild.targets(991,5): warning MSB8012: TargetExt(.dll) ne correspond pas à la valeur de la propriété OutputFile (.mxe) de Linker. Cela peut entraîner une génération incorrecte de votre projet. Pour corriger ce problème, vérifiez que les valeurs des propriétés $(OutDir), $(TargetName) et $(TargetExt) correspondent à la valeur spécifiée dans %(Link.OutputFile).
       Link:
         C:\Program Files (x86)\Microsoft Visual Studio 10.0\VC\bin\link.exe /ERRORREPORT:PROMPT /OUT:".\..\..\sdk-build\hoa.recomposer~.mxe" /INCREMENTAL:NO /NOLOGO /LIBPATH:".\..\..\..\..\SDKs\MaxSDK-5.1.7\c74support\msp-includes" /LIBPATH:".\..\..\..\..\SDKs\MaxSDK-5.1.7\c74support\max-includes" /LIBPATH:C:\gsl\lib\Win32\Release MaxAPI.lib MaxAudio.lib cblas.lib gsl.lib /NODEFAULTLIB:MSVCRT.lib /DEF:".\hoa.recomposer~.def" /MANIFEST:NO /DEBUG /PDB:"..\ext_win_release\hoa.recomposer~.pdb" /SUBSYSTEM:WINDOWS /OPT:REF /OPT:ICF /LTCG /TLBID:1 /DYNAMICBASE:NO /IMPLIB:"..\ext_win_release\hoa.recomposer~.lib" /MACHINE:X86 /DLL ..\ext_win_release\dllmain_win.obj
         ..\ext_win_release\ambisonicRecomposer.obj
         ..\ext_win_release\gslMatrix.obj
         "..\ext_win_release\hoa.recomposer~.obj" /MACHINE:I386 
     1>gslMatrix.obj : warning LNK4229: directive '/Intel(R) compiler non-linkable IL object file' non valide rencontrée ; ignorée
            Création de la bibliothèque ..\ext_win_release\hoa.recomposer~.lib et de l'objet ..\ext_win_release\hoa.recomposer~.exp
     1>LINK : warning LNK4098: conflit entre la bibliothèque par défaut 'LIBCMT' et les autres bibliothèques ; utilisez /NODEFAULTLIB:library
         Génération de code en cours
         Fin de la génération du code
     1>gslMatrix.obj : warning LNK4229: directive '/Intel(R) compiler non-linkable IL object file' non valide rencontrée ; ignorée
         hoa.recomposer~.vcxproj -> C:\Users\Pierre\Documents\GitHub\CICM-Library\hoa.library\hoaRecomposer\.\..\..\sdk-build\hoa.recomposer~.dll
       FinalizeBuildStatus:
         Suppression du fichier "..\ext_win_release\hoa.recomposer~.unsuccessfulbuild".
         Mise à jour de l'horodatage "..\ext_win_release\hoa.recomposer~.lastbuildstate".
     1>Génération du projet "C:\Users\Pierre\Documents\GitHub\CICM-Library\hoa.library\hoaRecomposer\hoa.recomposer~.vcxproj" terminée (build cible(s)).

La génération a réussi.

Temps écoulé 00:00:00.46
