La génération a démarré 19/09/2012 11:12:28.
     1>Projet "C:\Users\Pierre\Documents\GitHub\CICM-Library\hoa.library\hoaRotate\hoa.rotate~.vcxproj" sur le nœud 2 (build cible(s)).
     1>InitializeBuildStatus:
         Création de "..\ext_win_release\hoa.rotate~.unsuccessfulbuild", car "AlwaysCreate" a été spécifié.
       ClCompile:
         C:\Program Files (x86)\Microsoft Visual Studio 10.0\VC\bin\CL.exe /c /I".\..\..\..\..\SDKs\MaxSDK-5.1.7\c74support\msp-includes" /I".\..\..\..\..\SDKs\MaxSDK-5.1.7\c74support\max-includes" /Zi /nologo /W3 /WX- /Ox /Ob2 /Oi /Ot /Oy /GL /D WIN_VERSION /D WIN32 /D NDEBUG /D _WINDOWS /D _USRDLL /D WIN_EXT_VERSION /D _CRT_NOFORCE_MANIFEST /D _VC80_UPGRADE=0x0700 /D _WINDLL /D _MBCS /GF /Gm- /MD /Zp2 /GS- /Gy- /fp:precise /Zc:wchar_t /Zc:forScope /Fo"..\ext_win_release\\" /Fd"..\ext_win_release\hoa.rotate~.pdb" /Gd /TC /analyze- /errorReport:prompt "..\..\..\..\SDKs\MaxSDK-5.1.7\c74support\max-includes\common\dllmain_win.c"
         dllmain_win.c
         C:\Program Files (x86)\Microsoft Visual Studio 10.0\VC\bin\CL.exe /c /I".\..\..\..\..\SDKs\MaxSDK-5.1.7\c74support\msp-includes" /I".\..\..\..\..\SDKs\MaxSDK-5.1.7\c74support\max-includes" /Zi /nologo /W3 /WX- /Ox /Ob2 /Oi /Ot /Oy /GL /D WIN_VERSION /D WIN32 /D NDEBUG /D _WINDOWS /D _USRDLL /D WIN_EXT_VERSION /D _CRT_NOFORCE_MANIFEST /D _VC80_UPGRADE=0x0700 /D _WINDLL /D _MBCS /GF /Gm- /MD /Zp2 /GS- /Gy- /fp:precise /Zc:wchar_t /Zc:forScope /Fo"..\ext_win_release\\" /Fd"..\ext_win_release\hoa.rotate~.pdb" /Gd /TP /analyze- /errorReport:prompt ambisonicRotate.cpp "hoa.rotate~.cpp"
         ambisonicRotate.cpp
     1>c:\users\pierre\documents\github\cicm-library\hoa.library\hoarotate\ambisonicRotate.hpp(20): warning C4067: jetons inattendus après la directive du préprocesseur - saut de ligne attendu
     1>C:\Program Files (x86)\Microsoft Visual Studio 10.0\VC\include\xlocale(323): warning C4530: Gestionnaire d'exceptions C++ utilisé, mais les sémantiques de déroulement n'ont pas été activées. Spécifiez /EHsc
     1>ambisonicRotate.cpp(50): warning C4244: '=' : conversion de 'float' en 'int', perte possible de données
         hoa.rotate~.cpp
     1>c:\users\pierre\documents\github\cicm-library\hoa.library\hoarotate\ambisonicRotate.hpp(20): warning C4067: jetons inattendus après la directive du préprocesseur - saut de ligne attendu
     1>C:\Program Files (x86)\Microsoft Visual Studio 10.0\VC\include\xlocale(323): warning C4530: Gestionnaire d'exceptions C++ utilisé, mais les sémantiques de déroulement n'ont pas été activées. Spécifiez /EHsc
     1>C:\Program Files (x86)\MSBuild\Microsoft.Cpp\v4.0\Microsoft.CppBuild.targets(990,5): warning MSB8012: TargetPath(C:\Users\Pierre\Documents\GitHub\CICM-Library\hoa.library\hoaRotate\.\..\..\sdk-build\hoa.rotate~.dll) ne correspond pas à la valeur de la propriété OutputFile (C:\Users\Pierre\Documents\GitHub\CICM-Library\sdk-build\hoa.rotate~.mxe) de Linker. Cela peut entraîner une génération incorrecte de votre projet. Pour corriger ce problème, vérifiez que les valeurs des propriétés $(OutDir), $(TargetName) et $(TargetExt) correspondent à la valeur spécifiée dans %(Link.OutputFile).
     1>C:\Program Files (x86)\MSBuild\Microsoft.Cpp\v4.0\Microsoft.CppBuild.targets(991,5): warning MSB8012: TargetExt(.dll) ne correspond pas à la valeur de la propriété OutputFile (.mxe) de Linker. Cela peut entraîner une génération incorrecte de votre projet. Pour corriger ce problème, vérifiez que les valeurs des propriétés $(OutDir), $(TargetName) et $(TargetExt) correspondent à la valeur spécifiée dans %(Link.OutputFile).
       Link:
         C:\Program Files (x86)\Microsoft Visual Studio 10.0\VC\bin\link.exe /ERRORREPORT:PROMPT /OUT:".\..\..\sdk-build\hoa.rotate~.mxe" /INCREMENTAL:NO /NOLOGO /LIBPATH:".\..\..\..\..\SDKs\MaxSDK-5.1.7\c74support\msp-includes" /LIBPATH:".\..\..\..\..\SDKs\MaxSDK-5.1.7\c74support\max-includes" MaxAPI.lib maxcrt.lib MaxAudio.lib kernel32.lib user32.lib gdi32.lib winspool.lib comdlg32.lib advapi32.lib shell32.lib ole32.lib oleaut32.lib uuid.lib odbc32.lib odbccp32.lib /NODEFAULTLIB:MSVCRT.lib /DEF:".\hoa.rotate~.def" /MANIFEST:NO /DEBUG /PDB:"..\ext_win_release\hoa.rotate~.pdb" /SUBSYSTEM:WINDOWS /OPT:REF /OPT:ICF /LTCG /TLBID:1 /DYNAMICBASE:NO /IMPLIB:"..\ext_win_release\hoa.rotate~.lib" /MACHINE:X86 /DLL ..\ext_win_release\dllmain_win.obj
         ..\ext_win_release\ambisonicRotate.obj
         "..\ext_win_release\hoa.rotate~.obj" /MACHINE:I386 
            Création de la bibliothèque ..\ext_win_release\hoa.rotate~.lib et de l'objet ..\ext_win_release\hoa.rotate~.exp
     1>hoa.rotate~.exp : warning LNK4070: la directive /OUT:pg.rotate~.mxe dans .EXP est différente du nom du fichier de sortie '.\..\..\sdk-build\hoa.rotate~.mxe' ; directive ignorée
         Génération de code en cours
         Fin de la génération du code
     1>hoa.rotate~.exp : warning LNK4070: la directive /OUT:pg.rotate~.mxe dans .EXP est différente du nom du fichier de sortie '.\..\..\sdk-build\hoa.rotate~.mxe' ; directive ignorée
         hoa.rotate~.vcxproj -> C:\Users\Pierre\Documents\GitHub\CICM-Library\hoa.library\hoaRotate\.\..\..\sdk-build\hoa.rotate~.dll
       FinalizeBuildStatus:
         Suppression du fichier "..\ext_win_release\hoa.rotate~.unsuccessfulbuild".
         Mise à jour de l'horodatage "..\ext_win_release\hoa.rotate~.lastbuildstate".
     1>Génération du projet "C:\Users\Pierre\Documents\GitHub\CICM-Library\hoa.library\hoaRotate\hoa.rotate~.vcxproj" terminée (build cible(s)).

La génération a réussi.

Temps écoulé 00:00:01.87
