La génération a démarré 26/09/2012 17:57:59.
     1>Projet "C:\Users\Pierre\Documents\GitHub\CICM-Library\hoa.library\hoaBinaural\hoa.binaural~.vcxproj" sur le nœud 2 (build cible(s)).
     1>InitializeBuildStatus:
         Création de "..\ext_win_release\hoa.binaural~.unsuccessfulbuild", car "AlwaysCreate" a été spécifié.
       MessageBuildingWithCompiler:
         Building with Intel(R) C++ Compiler XE 13.0
       ClCompile:
         ***** ClCompile (Win32 - Intel C++)
         C:\Program Files (x86)\Intel\Composer XE 2013\bin\ia32\icl.exe /c /Qvc10 /Qlocation,link,"$(VCInstallDir)\bin" /I".\..\..\..\..\SDKs\MaxSDK-5.1.7\c74support\msp-includes" /I".\..\..\..\..\SDKs\MaxSDK-5.1.7\c74support\max-includes" /IC:\gsl /I"C:\Program Files\Intel\MKL\10.2.X.X\include" /Zi /nologo /W3 /Ox /Ob2 /Oi /Ot /Oy /Qipo /Qftz- /D __INTEL_COMPILER=1300 /D WIN_VERSION /D WIN32 /D NDEBUG /D _WINDOWS /D _USRDLL /D WIN_EXT_VERSION /D _CRT_NOFORCE_MANIFEST /D _VC80_UPGRADE=0x0700 /D _WINDLL /D _MBCS /GF /MD /Zp2 /GS- /fp:precise /Zc:wchar_t /Zc:forScope /Fo"..\ext_win_release\\" /Fd"..\ext_win_release\hoa.binaural~.pdb" /Gd /TC "..\..\..\..\SDKs\MaxSDK-5.1.7\c74support\max-includes\common\dllmain_win.c" /I"C:\Program Files (x86)\Intel\Composer XE 2013\mkl\include" /I"C:\Program Files (x86)\Intel\Composer XE 2013\mkl\include\fftw" /I"C:\Program Files (x86)\Intel\Composer XE 2013\mkl\include\ia32" 
         dllmain_win.c
         C:\Program Files (x86)\Intel\Composer XE 2013\bin\ia32\icl.exe /c /Qvc10 /Qlocation,link,"$(VCInstallDir)\bin" /I".\..\..\..\..\SDKs\MaxSDK-5.1.7\c74support\msp-includes" /I".\..\..\..\..\SDKs\MaxSDK-5.1.7\c74support\max-includes" /IC:\gsl /I"C:\Program Files\Intel\MKL\10.2.X.X\include" /Zi /nologo /W3 /Ox /Ob2 /Oi /Ot /Oy /Qipo /Qftz- /D __INTEL_COMPILER=1300 /D WIN_VERSION /D WIN32 /D NDEBUG /D _WINDOWS /D _USRDLL /D WIN_EXT_VERSION /D _CRT_NOFORCE_MANIFEST /D _VC80_UPGRADE=0x0700 /D _WINDLL /D _MBCS /GF /MD /Zp2 /GS- /fp:precise /Zc:wchar_t /Zc:forScope /Fo"..\ext_win_release\\" /Fd"..\ext_win_release\hoa.binaural~.pdb" /Gd /TP AmbisonicBinaural.cpp ambisonicDecode.cpp fileLoader.cpp gslMatrix.cpp "hoa.binaural~.cpp" /I"C:\Program Files (x86)\Intel\Composer XE 2013\mkl\include" /I"C:\Program Files (x86)\Intel\Composer XE 2013\mkl\include\fftw" /I"C:\Program Files (x86)\Intel\Composer XE 2013\mkl\include\ia32" 
         AmbisonicBinaural.cpp
         ambisonicDecode.cpp
         fileLoader.cpp
         gslMatrix.cpp
         hoa.binaural~.cpp
     1>C:\Program Files (x86)\MSBuild\Microsoft.Cpp\v4.0\Microsoft.CppBuild.targets(990,5): warning MSB8012: TargetPath(C:\Users\Pierre\Documents\GitHub\CICM-Library\hoa.library\hoaBinaural\.\..\..\sdk-build\hoa.binaural~.dll) ne correspond pas à la valeur de la propriété OutputFile (C:\Users\Pierre\Documents\GitHub\CICM-Library\sdk-build\hoa.binaural~.mxe) de Linker. Cela peut entraîner une génération incorrecte de votre projet. Pour corriger ce problème, vérifiez que les valeurs des propriétés $(OutDir), $(TargetName) et $(TargetExt) correspondent à la valeur spécifiée dans %(Link.OutputFile).
     1>C:\Program Files (x86)\MSBuild\Microsoft.Cpp\v4.0\Microsoft.CppBuild.targets(991,5): warning MSB8012: TargetExt(.dll) ne correspond pas à la valeur de la propriété OutputFile (.mxe) de Linker. Cela peut entraîner une génération incorrecte de votre projet. Pour corriger ce problème, vérifiez que les valeurs des propriétés $(OutDir), $(TargetName) et $(TargetExt) correspondent à la valeur spécifiée dans %(Link.OutputFile).
       Link:
         C:\Program Files (x86)\Intel\Composer XE 2013\bin\ia32\xilink.exe /OUT:".\..\..\sdk-build\hoa.binaural~.mxe" /INCREMENTAL:NO /NOLOGO /LIBPATH:"C:\Program Files (x86)\Intel\Composer XE 2013\mkl\lib\ia32" /LIBPATH:"C:\Program Files (x86)\Intel\Composer XE 2013\compiler\lib\ia32" /LIBPATH:".\..\..\..\..\SDKs\MaxSDK-5.1.7\c74support\msp-includes" /LIBPATH:".\..\..\..\..\SDKs\MaxSDK-5.1.7\c74support\max-includes" /LIBPATH:C:\gsl\lib\Win32\Release /LIBPATH:"C:\Program Files\Intel\MKL\10.2.X.X\ia32\lib" mkl_intel_c_dll.lib mkl_intel_thread_dll.lib mkl_core_dll.lib libiomp5md.lib MaxAPI.lib MaxAudio.lib cblas.lib gsl.lib mkl_intel_c.lib mkl_intel_thread.lib mkl_core.lib libiomp5md.lib /DEF:".\hoa.binaural~.def" /MANIFEST:NO /DEBUG /PDB:"..\ext_win_release\hoa.binaural~.pdb" /SUBSYSTEM:WINDOWS /OPT:REF /OPT:ICF /TLBID:1 /DYNAMICBASE:NO /IMPLIB:"..\ext_win_release\hoa.binaural~.lib" /MACHINE:X86 /DLL ..\ext_win_release\dllmain_win.obj
         ..\ext_win_release\AmbisonicBinaural.obj
         ..\ext_win_release\ambisonicDecode.obj
         ..\ext_win_release\fileLoader.obj
         ..\ext_win_release\gslMatrix.obj
         "..\ext_win_release\hoa.binaural~.obj" /MACHINE:I386 
     1>ipo : warning #11072: ignoring invalid linker directive 'NODEFAULTLIB:msvcrt.lib'
         xilink: executing 'link'
            Création de la bibliothèque ..\ext_win_release\hoa.binaural~.lib et de l'objet ..\ext_win_release\hoa.binaural~.exp
     1>LINK : warning LNK4098: conflit entre la bibliothèque par défaut 'LIBCMT' et les autres bibliothèques ; utilisez /NODEFAULTLIB:library
         hoa.binaural~.vcxproj -> C:\Users\Pierre\Documents\GitHub\CICM-Library\hoa.library\hoaBinaural\.\..\..\sdk-build\hoa.binaural~.dll
       FinalizeBuildStatus:
         Suppression du fichier "..\ext_win_release\hoa.binaural~.unsuccessfulbuild".
         Mise à jour de l'horodatage "..\ext_win_release\hoa.binaural~.lastbuildstate".
     1>Génération du projet "C:\Users\Pierre\Documents\GitHub\CICM-Library\hoa.library\hoaBinaural\hoa.binaural~.vcxproj" terminée (build cible(s)).

La génération a réussi.

Temps écoulé 00:00:21.90
