La génération a démarré 19/09/2012 11:10:27.
     1>Projet "C:\Users\Pierre\Documents\GitHub\CICM-Library\hoa.library\hoaRecorder\hoa.recorder~.vcxproj" sur le nœud 2 (build cible(s)).
     1>InitializeBuildStatus:
         Création de "..\ext_win_release\hoa.recorder~.unsuccessfulbuild", car "AlwaysCreate" a été spécifié.
       ClCompile:
         C:\Program Files (x86)\Microsoft Visual Studio 10.0\VC\bin\CL.exe /c /I".\..\..\..\..\SDKs\MaxSDK-5.1.7\c74support\msp-includes" /I".\..\..\..\..\SDKs\MaxSDK-5.1.7\c74support\max-includes" /Zi /nologo /W3 /WX- /Ox /Ob2 /Oi /Ot /Oy /GL /D WIN_VERSION /D WIN32 /D NDEBUG /D _WINDOWS /D _USRDLL /D WIN_EXT_VERSION /D _CRT_NOFORCE_MANIFEST /D _VC80_UPGRADE=0x0700 /D _WINDLL /D _MBCS /GF /Gm- /MD /Zp2 /GS- /Gy- /fp:precise /Zc:wchar_t /Zc:forScope /Fo"..\ext_win_release\\" /Fd"..\ext_win_release\hoa.recorder~.pdb" /Gd /TC /analyze- /errorReport:prompt "..\..\..\..\SDKs\MaxSDK-6.0.4\c74support\max-includes\common\dllmain_win.c" "hoa.record~.c"
         dllmain_win.c
         hoa.record~.c
     1>C:\Program Files (x86)\MSBuild\Microsoft.Cpp\v4.0\Microsoft.CppBuild.targets(990,5): warning MSB8012: TargetPath(C:\Users\Pierre\Documents\GitHub\CICM-Library\hoa.library\hoaRecorder\.\..\..\sdk-build\hoa.recorder~.dll) ne correspond pas à la valeur de la propriété OutputFile (C:\Users\Pierre\Documents\GitHub\CICM-Library\sdk-build\hoa.recorder~.mxe) de Linker. Cela peut entraîner une génération incorrecte de votre projet. Pour corriger ce problème, vérifiez que les valeurs des propriétés $(OutDir), $(TargetName) et $(TargetExt) correspondent à la valeur spécifiée dans %(Link.OutputFile).
     1>C:\Program Files (x86)\MSBuild\Microsoft.Cpp\v4.0\Microsoft.CppBuild.targets(991,5): warning MSB8012: TargetExt(.dll) ne correspond pas à la valeur de la propriété OutputFile (.mxe) de Linker. Cela peut entraîner une génération incorrecte de votre projet. Pour corriger ce problème, vérifiez que les valeurs des propriétés $(OutDir), $(TargetName) et $(TargetExt) correspondent à la valeur spécifiée dans %(Link.OutputFile).
       Link:
         C:\Program Files (x86)\Microsoft Visual Studio 10.0\VC\bin\link.exe /ERRORREPORT:PROMPT /OUT:".\..\..\sdk-build\hoa.recorder~.mxe" /INCREMENTAL:NO /NOLOGO /LIBPATH:".\..\..\..\..\SDKs\MaxSDK-5.1.7\c74support\msp-includes" /LIBPATH:".\..\..\..\..\SDKs\MaxSDK-5.1.7\c74support\max-includes" MaxAPI.lib MaxAudio.lib maxcrt.lib "libfftw3-3.lib" "libfftw3f-3.lib" "libfftw3l-3.lib" /NODEFAULTLIB:MSVCRT.lib /DEF:".\hoa.recorder~.def" /MANIFEST:NO /DEBUG /PDB:"..\ext_win_release\hoa.recorder~.pdb" /SUBSYSTEM:WINDOWS /OPT:REF /OPT:ICF /LTCG /TLBID:1 /DYNAMICBASE:NO /IMPLIB:"..\ext_win_release\hoa.recorder~.lib" /MACHINE:X86 /DLL ..\ext_win_release\dllmain_win.obj
         "..\ext_win_release\hoa.record~.obj" /MACHINE:I386 
            Création de la bibliothèque ..\ext_win_release\hoa.recorder~.lib et de l'objet ..\ext_win_release\hoa.recorder~.exp
     1>hoa.recorder~.exp : warning LNK4070: la directive /OUT:hoa.play~.mxe dans .EXP est différente du nom du fichier de sortie '.\..\..\sdk-build\hoa.recorder~.mxe' ; directive ignorée
         Génération de code en cours
         Fin de la génération du code
     1>hoa.recorder~.exp : warning LNK4070: la directive /OUT:hoa.play~.mxe dans .EXP est différente du nom du fichier de sortie '.\..\..\sdk-build\hoa.recorder~.mxe' ; directive ignorée
         hoa.recorder~.vcxproj -> C:\Users\Pierre\Documents\GitHub\CICM-Library\hoa.library\hoaRecorder\.\..\..\sdk-build\hoa.recorder~.dll
       FinalizeBuildStatus:
         Suppression du fichier "..\ext_win_release\hoa.recorder~.unsuccessfulbuild".
         Mise à jour de l'horodatage "..\ext_win_release\hoa.recorder~.lastbuildstate".
     1>Génération du projet "C:\Users\Pierre\Documents\GitHub\CICM-Library\hoa.library\hoaRecorder\hoa.recorder~.vcxproj" terminée (build cible(s)).

La génération a réussi.

Temps écoulé 00:00:00.78
